<?xml version="1.0" encoding="UTF-8"?>
<!-- Generated by org.testng.reporters.JUnitReportReporter -->
<testsuite hostname="SumitGoyal" failures="0" tests="3" name="com.qa.nvn.testcases.HomePageTest" time="37.314" errors="0" timestamp="2022-06-15T08:00:15 IST" skipped="0">
  <testcase classname="com.qa.nvn.testcases.HomePageTest" name="verifySearchFunction" time="12.112"/>
  <system-out/>
  <testcase classname="com.qa.nvn.testcases.HomePageTest" name="verifyhomePageTitle" time="12.201"/>
  <system-out/>
  <testcase classname="com.qa.nvn.testcases.HomePageTest" name="verifyMonitors" time="13.001"/>
  <system-out/>
</testsuite> <!-- com.qa.nvn.testcases.HomePageTest -->
