<?xml version="1.0" encoding="UTF-8"?>
<!-- Generated by org.testng.reporters.JUnitReportReporter -->
<testsuite hostname="SumitGoyal" failures="0" tests="3" name="com.qa.nvn.testcases.LoginPageTest" time="26.199" errors="0" timestamp="2022-06-15T08:00:15 IST" skipped="0">
  <testcase classname="com.qa.nvn.testcases.LoginPageTest" name="validateLoginPageTitle" time="7.410"/>
  <system-out/>
  <testcase classname="com.qa.nvn.testcases.LoginPageTest" name="clickOnLoginBtn" time="8.388"/>
  <system-out/>
  <testcase classname="com.qa.nvn.testcases.LoginPageTest" name="clickOnContinue" time="10.401"/>
  <system-out/>
</testsuite> <!-- com.qa.nvn.testcases.LoginPageTest -->
