<?xml version="1.0" encoding="UTF-8"?>
<!-- Generated by org.testng.reporters.JUnitReportReporter -->
<testsuite hostname="SumitGoyal" failures="0" tests="1" name="com.qa.nvn.testcases.FrontPageTest" time="8.712" errors="0" timestamp="2022-06-14T12:53:50 IST" skipped="0">
  <testcase classname="com.qa.nvn.testcases.FrontPageTest" name="verifyTitle_FrontPage" time="8.712"/>
  <system-out/>
</testsuite> <!-- com.qa.nvn.testcases.FrontPageTest -->
