<?xml version="1.0" encoding="UTF-8"?>
<!-- Generated by org.testng.reporters.JUnitReportReporter -->
<testsuite hostname="SumitGoyal" failures="0" tests="1" name="com.qa.nvn.testcases.FrontPageTest" time="13.045" errors="0" timestamp="2022-06-16T14:56:35 IST" skipped="0">
  <testcase classname="com.qa.nvn.testcases.FrontPageTest" name="validateClickOnRegister" time="13.045"/>
  <system-out/>
</testsuite> <!-- com.qa.nvn.testcases.FrontPageTest -->
