<?xml version="1.0" encoding="UTF-8"?>
<!-- Generated by org.testng.reporters.JUnitReportReporter -->
<testsuite hostname="SumitGoyal" failures="0" tests="3" name="com.qa.nvn.testcases.LoginPageTest" time="15.546" errors="0" timestamp="2022-06-14T19:50:30 IST" skipped="0">
  <testcase classname="com.qa.nvn.testcases.LoginPageTest" name="validateLoginPageTitle" time="6.987"/>
  <system-out/>
  <testcase classname="com.qa.nvn.testcases.LoginPageTest" name="clickOnLoginBtn" time="4.239"/>
  <system-out/>
  <testcase classname="com.qa.nvn.testcases.LoginPageTest" name="clickOnContinue" time="4.320"/>
  <system-out/>
</testsuite> <!-- com.qa.nvn.testcases.LoginPageTest -->
