<?xml version="1.0" encoding="UTF-8"?>
<!-- Generated by org.testng.reporters.JUnitReportReporter -->
<testsuite hostname="SumitGoyal" failures="0" tests="4" name="com.qa.nvn.testcases.FrontPageTest" time="33.686" errors="0" timestamp="2022-06-15T08:00:15 IST" skipped="0">
  <testcase classname="com.qa.nvn.testcases.FrontPageTest" name="validateClickOnLogin" time="8.140"/>
  <system-out/>
  <testcase classname="com.qa.nvn.testcases.FrontPageTest" name="verifyLogoTest" time="8.340"/>
  <system-out/>
  <testcase classname="com.qa.nvn.testcases.FrontPageTest" name="verifyTitle_FrontPage" time="9.252"/>
  <system-out/>
  <testcase classname="com.qa.nvn.testcases.FrontPageTest" name="validateClickOnRegister" time="7.954"/>
  <system-out/>
</testsuite> <!-- com.qa.nvn.testcases.FrontPageTest -->
