<?xml version="1.0" encoding="UTF-8"?>
<!-- Generated by org.testng.reporters.JUnitReportReporter -->
<testsuite hostname="SumitGoyal" failures="0" tests="4" name="com.qa.nvn.testcases.FrontPageTest" time="68.272" errors="0" timestamp="2022-06-16T14:51:58 IST" skipped="0">
  <testcase classname="com.qa.nvn.testcases.FrontPageTest" name="validateClickOnRegister" time="24.588"/>
  <system-out/>
  <testcase classname="com.qa.nvn.testcases.FrontPageTest" name="validateClickOnLogin" time="14.391"/>
  <system-out/>
  <testcase classname="com.qa.nvn.testcases.FrontPageTest" name="verifyLogoTest" time="17.234"/>
  <system-out/>
  <testcase classname="com.qa.nvn.testcases.FrontPageTest" name="verifyTitle_FrontPage" time="12.059"/>
  <system-out/>
</testsuite> <!-- com.qa.nvn.testcases.FrontPageTest -->
